<?xml version="1.0" encoding="UTF-8"?>
<!-- Generated by org.testng.reporters.JUnitReportReporter -->
<testsuite hostname="Pallavi-Sadhus-MacBook-Air.local" failures="0" tests="1" name="restassured.PostReq" time="2.469" errors="0" timestamp="2023-01-18T13:12:07 CST" skipped="0">
  <testcase classname="restassured.PostReq" name="testCase_Post" time="2.469"/>
  <system-out/>
</testsuite> <!-- restassured.PostReq -->
